<?xml version="1.0" encoding="UTF-8"?>
<!-- Generated by org.testng.reporters.JUnitXMLReporter -->
<testsuite hostname="ADMIN-PC" ignored="0" name="Default test" tests="10" failures="0" timestamp="22 Jul 2020 16:45:06 GMT" time="28.447" errors="0">
  <testcase name="verifyTitle" time="0.213" classname="com.demo.test"/>
  <testcase name="step1" time="2.119" classname="com.demo.test"/>
  <testcase name="step2" time="3.08" classname="com.demo.test"/>
  <testcase name="step3" time="2.276" classname="com.demo.test"/>
  <testcase name="step4" time="2.278" classname="com.demo.test"/>
  <testcase name="step5" time="0.198" classname="com.demo.test"/>
  <testcase name="step6" time="3.016" classname="com.demo.test"/>
  <testcase name="step7" time="0.351" classname="com.demo.test"/>
  <testcase name="step8" time="3.426" classname="com.demo.test"/>
  <testcase name="step9" time="0.223" classname="com.demo.test"/>
</testsuite> <!-- Default test -->
