<?xml version="1.0" encoding="UTF-8"?>
<!-- Generated by org.testng.reporters.JUnitXMLReporter -->
<testsuite hostname="ADMIN-PC" ignored="0" name="Test" tests="10" failures="0" timestamp="22 Jul 2020 17:06:11 GMT" time="29.921" errors="0">
  <testcase name="verifyTitle" time="0.255" classname="com.demo.test"/>
  <testcase name="step1" time="2.139" classname="com.demo.test"/>
  <testcase name="step2" time="3.302" classname="com.demo.test"/>
  <testcase name="step3" time="2.268" classname="com.demo.test"/>
  <testcase name="step4" time="2.275" classname="com.demo.test"/>
  <testcase name="step5" time="0.18" classname="com.demo.test"/>
  <testcase name="step6" time="3.015" classname="com.demo.test"/>
  <testcase name="step7" time="0.357" classname="com.demo.test"/>
  <testcase name="step8" time="3.39" classname="com.demo.test"/>
  <testcase name="step9" time="0.231" classname="com.demo.test"/>
</testsuite> <!-- Test -->
