<?xml version="1.0" encoding="UTF-8"?>
<testng-results skipped="0" failed="0" ignored="0" total="10" passed="10">
  <reporter-output>
  </reporter-output>
  <suite name="Suite" duration-ms="29921" started-at="2020-07-22T17:05:41Z" finished-at="2020-07-22T17:06:11Z">
    <groups>
    </groups>
    <test name="Test" duration-ms="29921" started-at="2020-07-22T17:05:41Z" finished-at="2020-07-22T17:06:11Z">
      <class name="com.demo.test">
        <test-method status="PASS" signature="invokeBrowser()[pri:0, instance:com.demo.test@4bee18dc]" name="invokeBrowser" is-config="true" duration-ms="7276" started-at="2020-07-22T17:05:41Z" finished-at="2020-07-22T17:05:48Z">
          <reporter-output>
          </reporter-output>
        </test-method> <!-- invokeBrowser -->
        <test-method status="PASS" signature="verifyTitle()[pri:0, instance:com.demo.test@4bee18dc]" name="verifyTitle" duration-ms="255" started-at="2020-07-22T17:05:48Z" finished-at="2020-07-22T17:05:49Z">
          <reporter-output>
          </reporter-output>
        </test-method> <!-- verifyTitle -->
        <test-method status="PASS" signature="flush()[pri:0, instance:com.demo.test@4bee18dc]" name="flush" is-config="true" duration-ms="395" started-at="2020-07-22T17:05:49Z" finished-at="2020-07-22T17:05:49Z">
          <reporter-output>
          </reporter-output>
        </test-method> <!-- flush -->
        <test-method status="PASS" signature="step1()[pri:1, instance:com.demo.test@4bee18dc]" name="step1" duration-ms="2139" started-at="2020-07-22T17:05:49Z" finished-at="2020-07-22T17:05:51Z">
          <reporter-output>
          </reporter-output>
        </test-method> <!-- step1 -->
        <test-method status="PASS" signature="flush()[pri:0, instance:com.demo.test@4bee18dc]" name="flush" is-config="true" duration-ms="49" started-at="2020-07-22T17:05:51Z" finished-at="2020-07-22T17:05:51Z">
          <reporter-output>
          </reporter-output>
        </test-method> <!-- flush -->
        <test-method status="PASS" signature="step2()[pri:2, instance:com.demo.test@4bee18dc]" name="step2" duration-ms="3302" started-at="2020-07-22T17:05:51Z" finished-at="2020-07-22T17:05:55Z">
          <reporter-output>
          </reporter-output>
        </test-method> <!-- step2 -->
        <test-method status="PASS" signature="flush()[pri:0, instance:com.demo.test@4bee18dc]" name="flush" is-config="true" duration-ms="42" started-at="2020-07-22T17:05:55Z" finished-at="2020-07-22T17:05:55Z">
          <reporter-output>
          </reporter-output>
        </test-method> <!-- flush -->
        <test-method status="PASS" signature="step3()[pri:3, instance:com.demo.test@4bee18dc]" name="step3" duration-ms="2268" started-at="2020-07-22T17:05:55Z" finished-at="2020-07-22T17:05:57Z">
          <reporter-output>
          </reporter-output>
        </test-method> <!-- step3 -->
        <test-method status="PASS" signature="flush()[pri:0, instance:com.demo.test@4bee18dc]" name="flush" is-config="true" duration-ms="44" started-at="2020-07-22T17:05:57Z" finished-at="2020-07-22T17:05:57Z">
          <reporter-output>
          </reporter-output>
        </test-method> <!-- flush -->
        <test-method status="PASS" signature="step4()[pri:4, instance:com.demo.test@4bee18dc]" name="step4" duration-ms="2275" started-at="2020-07-22T17:05:57Z" finished-at="2020-07-22T17:05:59Z">
          <reporter-output>
          </reporter-output>
        </test-method> <!-- step4 -->
        <test-method status="PASS" signature="flush()[pri:0, instance:com.demo.test@4bee18dc]" name="flush" is-config="true" duration-ms="38" started-at="2020-07-22T17:05:59Z" finished-at="2020-07-22T17:05:59Z">
          <reporter-output>
          </reporter-output>
        </test-method> <!-- flush -->
        <test-method status="PASS" signature="step5()[pri:5, instance:com.demo.test@4bee18dc]" name="step5" duration-ms="180" started-at="2020-07-22T17:05:59Z" finished-at="2020-07-22T17:06:00Z">
          <reporter-output>
          </reporter-output>
        </test-method> <!-- step5 -->
        <test-method status="PASS" signature="flush()[pri:0, instance:com.demo.test@4bee18dc]" name="flush" is-config="true" duration-ms="27" started-at="2020-07-22T17:06:00Z" finished-at="2020-07-22T17:06:00Z">
          <reporter-output>
          </reporter-output>
        </test-method> <!-- flush -->
        <test-method status="PASS" signature="step6()[pri:6, instance:com.demo.test@4bee18dc]" name="step6" duration-ms="3015" started-at="2020-07-22T17:06:00Z" finished-at="2020-07-22T17:06:03Z">
          <reporter-output>
          </reporter-output>
        </test-method> <!-- step6 -->
        <test-method status="PASS" signature="flush()[pri:0, instance:com.demo.test@4bee18dc]" name="flush" is-config="true" duration-ms="37" started-at="2020-07-22T17:06:03Z" finished-at="2020-07-22T17:06:03Z">
          <reporter-output>
          </reporter-output>
        </test-method> <!-- flush -->
        <test-method status="PASS" signature="step7()[pri:7, instance:com.demo.test@4bee18dc]" name="step7" duration-ms="357" started-at="2020-07-22T17:06:03Z" finished-at="2020-07-22T17:06:03Z">
          <reporter-output>
          </reporter-output>
        </test-method> <!-- step7 -->
        <test-method status="PASS" signature="flush()[pri:0, instance:com.demo.test@4bee18dc]" name="flush" is-config="true" duration-ms="23" started-at="2020-07-22T17:06:03Z" finished-at="2020-07-22T17:06:03Z">
          <reporter-output>
          </reporter-output>
        </test-method> <!-- flush -->
        <test-method status="PASS" signature="step8()[pri:8, instance:com.demo.test@4bee18dc]" name="step8" duration-ms="3390" started-at="2020-07-22T17:06:03Z" finished-at="2020-07-22T17:06:06Z">
          <reporter-output>
          </reporter-output>
        </test-method> <!-- step8 -->
        <test-method status="PASS" signature="flush()[pri:0, instance:com.demo.test@4bee18dc]" name="flush" is-config="true" duration-ms="24" started-at="2020-07-22T17:06:06Z" finished-at="2020-07-22T17:06:06Z">
          <reporter-output>
          </reporter-output>
        </test-method> <!-- flush -->
        <test-method status="PASS" signature="step9()[pri:9, instance:com.demo.test@4bee18dc]" name="step9" duration-ms="231" started-at="2020-07-22T17:06:06Z" finished-at="2020-07-22T17:06:07Z">
          <reporter-output>
          </reporter-output>
        </test-method> <!-- step9 -->
        <test-method status="PASS" signature="flush()[pri:0, instance:com.demo.test@4bee18dc]" name="flush" is-config="true" duration-ms="27" started-at="2020-07-22T17:06:07Z" finished-at="2020-07-22T17:06:07Z">
          <reporter-output>
          </reporter-output>
        </test-method> <!-- flush -->
        <test-method status="PASS" signature="closing()[pri:0, instance:com.demo.test@4bee18dc]" name="closing" is-config="true" duration-ms="4321" started-at="2020-07-22T17:06:07Z" finished-at="2020-07-22T17:06:11Z">
          <reporter-output>
          </reporter-output>
        </test-method> <!-- closing -->
      </class> <!-- com.demo.test -->
    </test> <!-- Test -->
  </suite> <!-- Suite -->
</testng-results>
