<?xml version="1.0" encoding="UTF-8"?>
<testng-results skipped="0" failed="0" ignored="0" total="10" passed="10">
  <reporter-output>
  </reporter-output>
  <suite name="Default suite" duration-ms="28447" started-at="2020-07-22T16:44:38Z" finished-at="2020-07-22T16:45:06Z">
    <groups>
    </groups>
    <test name="Default test" duration-ms="28447" started-at="2020-07-22T16:44:38Z" finished-at="2020-07-22T16:45:06Z">
      <class name="com.demo.test">
        <test-method status="PASS" signature="invokeBrowser()[pri:0, instance:com.demo.test@52a70627]" name="invokeBrowser" is-config="true" duration-ms="6395" started-at="2020-07-22T16:44:38Z" finished-at="2020-07-22T16:44:44Z">
          <reporter-output>
          </reporter-output>
        </test-method> <!-- invokeBrowser -->
        <test-method status="PASS" signature="verifyTitle()[pri:0, instance:com.demo.test@52a70627]" name="verifyTitle" duration-ms="213" started-at="2020-07-22T16:44:44Z" finished-at="2020-07-22T16:44:44Z">
          <reporter-output>
          </reporter-output>
        </test-method> <!-- verifyTitle -->
        <test-method status="PASS" signature="flush()[pri:0, instance:com.demo.test@52a70627]" name="flush" is-config="true" duration-ms="293" started-at="2020-07-22T16:44:45Z" finished-at="2020-07-22T16:44:45Z">
          <reporter-output>
          </reporter-output>
        </test-method> <!-- flush -->
        <test-method status="PASS" signature="step1()[pri:1, instance:com.demo.test@52a70627]" name="step1" duration-ms="2119" started-at="2020-07-22T16:44:45Z" finished-at="2020-07-22T16:44:47Z">
          <reporter-output>
          </reporter-output>
        </test-method> <!-- step1 -->
        <test-method status="PASS" signature="flush()[pri:0, instance:com.demo.test@52a70627]" name="flush" is-config="true" duration-ms="40" started-at="2020-07-22T16:44:47Z" finished-at="2020-07-22T16:44:47Z">
          <reporter-output>
          </reporter-output>
        </test-method> <!-- flush -->
        <test-method status="PASS" signature="step2()[pri:2, instance:com.demo.test@52a70627]" name="step2" duration-ms="3080" started-at="2020-07-22T16:44:47Z" finished-at="2020-07-22T16:44:50Z">
          <reporter-output>
          </reporter-output>
        </test-method> <!-- step2 -->
        <test-method status="PASS" signature="flush()[pri:0, instance:com.demo.test@52a70627]" name="flush" is-config="true" duration-ms="50" started-at="2020-07-22T16:44:50Z" finished-at="2020-07-22T16:44:50Z">
          <reporter-output>
          </reporter-output>
        </test-method> <!-- flush -->
        <test-method status="PASS" signature="step3()[pri:3, instance:com.demo.test@52a70627]" name="step3" duration-ms="2276" started-at="2020-07-22T16:44:50Z" finished-at="2020-07-22T16:44:52Z">
          <reporter-output>
          </reporter-output>
        </test-method> <!-- step3 -->
        <test-method status="PASS" signature="flush()[pri:0, instance:com.demo.test@52a70627]" name="flush" is-config="true" duration-ms="40" started-at="2020-07-22T16:44:52Z" finished-at="2020-07-22T16:44:52Z">
          <reporter-output>
          </reporter-output>
        </test-method> <!-- flush -->
        <test-method status="PASS" signature="step4()[pri:4, instance:com.demo.test@52a70627]" name="step4" duration-ms="2278" started-at="2020-07-22T16:44:52Z" finished-at="2020-07-22T16:44:55Z">
          <reporter-output>
          </reporter-output>
        </test-method> <!-- step4 -->
        <test-method status="PASS" signature="flush()[pri:0, instance:com.demo.test@52a70627]" name="flush" is-config="true" duration-ms="25" started-at="2020-07-22T16:44:55Z" finished-at="2020-07-22T16:44:55Z">
          <reporter-output>
          </reporter-output>
        </test-method> <!-- flush -->
        <test-method status="PASS" signature="step5()[pri:5, instance:com.demo.test@52a70627]" name="step5" duration-ms="198" started-at="2020-07-22T16:44:55Z" finished-at="2020-07-22T16:44:55Z">
          <reporter-output>
          </reporter-output>
        </test-method> <!-- step5 -->
        <test-method status="PASS" signature="flush()[pri:0, instance:com.demo.test@52a70627]" name="flush" is-config="true" duration-ms="28" started-at="2020-07-22T16:44:55Z" finished-at="2020-07-22T16:44:55Z">
          <reporter-output>
          </reporter-output>
        </test-method> <!-- flush -->
        <test-method status="PASS" signature="step6()[pri:6, instance:com.demo.test@52a70627]" name="step6" duration-ms="3016" started-at="2020-07-22T16:44:55Z" finished-at="2020-07-22T16:44:58Z">
          <reporter-output>
          </reporter-output>
        </test-method> <!-- step6 -->
        <test-method status="PASS" signature="flush()[pri:0, instance:com.demo.test@52a70627]" name="flush" is-config="true" duration-ms="40" started-at="2020-07-22T16:44:58Z" finished-at="2020-07-22T16:44:58Z">
          <reporter-output>
          </reporter-output>
        </test-method> <!-- flush -->
        <test-method status="PASS" signature="step7()[pri:7, instance:com.demo.test@52a70627]" name="step7" duration-ms="351" started-at="2020-07-22T16:44:58Z" finished-at="2020-07-22T16:44:58Z">
          <reporter-output>
          </reporter-output>
        </test-method> <!-- step7 -->
        <test-method status="PASS" signature="flush()[pri:0, instance:com.demo.test@52a70627]" name="flush" is-config="true" duration-ms="23" started-at="2020-07-22T16:44:58Z" finished-at="2020-07-22T16:44:58Z">
          <reporter-output>
          </reporter-output>
        </test-method> <!-- flush -->
        <test-method status="PASS" signature="step8()[pri:8, instance:com.demo.test@52a70627]" name="step8" duration-ms="3426" started-at="2020-07-22T16:44:58Z" finished-at="2020-07-22T16:45:02Z">
          <reporter-output>
          </reporter-output>
        </test-method> <!-- step8 -->
        <test-method status="PASS" signature="flush()[pri:0, instance:com.demo.test@52a70627]" name="flush" is-config="true" duration-ms="23" started-at="2020-07-22T16:45:02Z" finished-at="2020-07-22T16:45:02Z">
          <reporter-output>
          </reporter-output>
        </test-method> <!-- flush -->
        <test-method status="PASS" signature="step9()[pri:9, instance:com.demo.test@52a70627]" name="step9" duration-ms="223" started-at="2020-07-22T16:45:02Z" finished-at="2020-07-22T16:45:02Z">
          <reporter-output>
          </reporter-output>
        </test-method> <!-- step9 -->
        <test-method status="PASS" signature="flush()[pri:0, instance:com.demo.test@52a70627]" name="flush" is-config="true" duration-ms="26" started-at="2020-07-22T16:45:02Z" finished-at="2020-07-22T16:45:02Z">
          <reporter-output>
          </reporter-output>
        </test-method> <!-- flush -->
        <test-method status="PASS" signature="closing()[pri:0, instance:com.demo.test@52a70627]" name="closing" is-config="true" duration-ms="4080" started-at="2020-07-22T16:45:02Z" finished-at="2020-07-22T16:45:06Z">
          <reporter-output>
          </reporter-output>
        </test-method> <!-- closing -->
      </class> <!-- com.demo.test -->
    </test> <!-- Default test -->
  </suite> <!-- Default suite -->
</testng-results>
